Using pre-set license

 COMMAND LINE ARGUMENTS:
/Applications/Unity/Hub/Editor/2020.3.12f1/2020.3.12f1/Unity.app/Contents/MacOS/Unity
-adb2
-batchMode
-noUpm
-name
AssetImportWorker0
-projectPath
/Users/ivanacalderonp/Documents/GitHub/space-blaster-game/juego_naves
-logFile
Logs/AssetImportWorker0.log
-srvPort
58595
Successfully changed project path to: /Users/ivanacalderonp/Documents/GitHub/space-blaster-game/juego_naves
/Users/ivanacalderonp/Documents/GitHub/space-blaster-game/juego_naves
Using Asset Import Pipeline V2.
Refreshing native plugins compatible for Editor in 55.62 ms, found 3 plugins.
Preloading 0 native plugins for Editor in 0.00 ms.
Initialize engine version: 2020.3.12f1 (b3b2c6512326)
[Subsystems] Discovering subsystems at path /Applications/Unity/Hub/Editor/2020.3.12f1/2020.3.12f1/Unity.app/Contents/Resources/UnitySubsystems
[Subsystems] Discovering subsystems at path /Users/ivanacalderonp/Documents/GitHub/space-blaster-game/juego_naves/Assets
GfxDevice: creating device client; threaded=0
2021-07-26 22:50:03.027 Unity[22370:1731561] Color LCD preferred device: AMD Radeon Pro 555X (high power)
2021-07-26 22:50:03.027 Unity[22370:1731561] Metal devices available: 2
2021-07-26 22:50:03.027 Unity[22370:1731561] 0: AMD Radeon Pro 555X (high power)
2021-07-26 22:50:03.027 Unity[22370:1731561] 1: Intel(R) UHD Graphics 630 (low power)
2021-07-26 22:50:03.028 Unity[22370:1731561] Using device AMD Radeon Pro 555X (high power)
Initializing Metal device caps: AMD Radeon Pro 555X
Initialize mono
Mono path[0] = '/Applications/Unity/Hub/Editor/2020.3.12f1/2020.3.12f1/Unity.app/Contents/Managed'
Mono path[1] = '/Applications/Unity/Hub/Editor/2020.3.12f1/2020.3.12f1/Unity.app/Contents/MonoBleedingEdge/lib/mono/unityjit'
Mono config path = '/Applications/Unity/Hub/Editor/2020.3.12f1/2020.3.12f1/Unity.app/Contents/MonoBleedingEdge/etc'
Using monoOptions --debugger-agent=transport=dt_socket,embedding=1,server=y,suspend=n,address=127.0.0.1:56370
Begin MonoManager ReloadAssembly
Registering precompiled unity dll's ...
Register platform support module: /Applications/Unity/Hub/Editor/2020.3.12f1/2020.3.12f1/Unity.app/Contents/PlaybackEngines/MacStandaloneSupport/UnityEditor.OSXStandalone.Extensions.dll
Registered in 0.000526 seconds.
Native extension for OSXStandalone target not found
Refreshing native plugins compatible for Editor in 46.94 ms, found 3 plugins.
Preloading 0 native plugins for Editor in 0.00 ms.
Mono: successfully reloaded assembly
- Completed reload, in  1.736 seconds
Platform modules already initialized, skipping
Registering precompiled user dll's ...
Registered in 0.002281 seconds.
Begin MonoManager ReloadAssembly
Native extension for OSXStandalone target not found
Refreshing native plugins compatible for Editor in 52.12 ms, found 3 plugins.
Preloading 0 native plugins for Editor in 0.00 ms.
Mono: successfully reloaded assembly
- Completed reload, in  1.345 seconds
Platform modules already initialized, skipping
========================================================================
Worker process is ready to serve import requests
Launching external process: /Applications/Unity/Hub/Editor/2020.3.12f1/2020.3.12f1/Unity.app/Contents/Tools/UnityShaderCompiler
Launched and connected shader compiler UnityShaderCompiler after 0.01 seconds
Refreshing native plugins compatible for Editor in 0.68 ms, found 3 plugins.
Preloading 0 native plugins for Editor in 0.00 ms.
Unloading 2581 Unused Serialized files (Serialized files now loaded: 0)
System memory in use before: 187.8 MB.
System memory in use after: 188.0 MB.

Unloading 64 unused Assets to reduce memory usage. Loaded Objects now: 2990.
Total: 5.032167 ms (FindLiveObjects: 0.255362 ms CreateObjectMapping: 0.101270 ms MarkObjects: 4.606757 ms  DeleteObjects: 0.067873 ms)

AssetImportParameters requested are different than current active one (requested -> active):
  custom:video-decoder-ogg-theora: a1e56fd34408186e4bbccfd4996cb3dc -> 
  custom:container-muxer-webm: aa71ff27fc2769a1b78a27578f13a17b -> 
  custom:container-demuxer-webm: 4f35f7cbe854078d1ac9338744f61a02 -> 
  custom:container-demuxer-ogg: 62fdf1f143b41e24485cea50d1cbac27 -> 
  custom:video-encoder-webm-vp8: eb34c28f22e8b96e1ab97ce403110664 -> 
  custom:framework-osx-AVFoundation: e770b220cccbd017edd2c1fefb359320 -> 
  custom:video-decoder-webm-vp8: 9c59270c3fd7afecdb556c50c9e8de78 -> 
  custom:audio-decoder-ogg-vorbis: bf7c407c2cedff20999df2af8eb42d56 -> 
  custom:audio-encoder-webm-vorbis: bf7c407c2cedff20999df2af8eb42d56 -> 
========================================================================
Received Import Request.
  path: Assets/Scripts nivel 1/DestroyerExplo.cs
  artifactKey: Guid(7a4005bdbaace44cf8faaa7d5f19e0dc) Importer(815301076,1909f56bfc062723c751e8b465ee728b)
Start importing Assets/Scripts nivel 1/DestroyerExplo.cs using Guid(7a4005bdbaace44cf8faaa7d5f19e0dc) Importer(815301076,1909f56bfc062723c751e8b465ee728b)  -> (artifact id: 'ddfcad0c1cf8b66e187d28910a0794d3') in 0.283186 seconds 
  Import took 0.286791 seconds .

========================================================================
Received Prepare
Registering precompiled user dll's ...
Registered in 0.005578 seconds.
Begin MonoManager ReloadAssembly
Native extension for OSXStandalone target not found
Refreshing native plugins compatible for Editor in 0.74 ms, found 3 plugins.
Preloading 0 native plugins for Editor in 0.00 ms.
Mono: successfully reloaded assembly
- Completed reload, in  1.319 seconds
Platform modules already initialized, skipping
Refreshing native plugins compatible for Editor in 0.69 ms, found 3 plugins.
Preloading 0 native plugins for Editor in 0.00 ms.
Unloading 2558 Unused Serialized files (Serialized files now loaded: 0)
System memory in use before: 190.5 MB.
System memory in use after: 190.7 MB.

Unloading 52 unused Assets to reduce memory usage. Loaded Objects now: 2994.
Total: 6.063023 ms (FindLiveObjects: 0.263313 ms CreateObjectMapping: 0.102725 ms MarkObjects: 5.664755 ms  DeleteObjects: 0.031251 ms)

AssetImportParameters requested are different than current active one (requested -> active):
  custom:video-decoder-ogg-theora: a1e56fd34408186e4bbccfd4996cb3dc -> 
  custom:container-muxer-webm: aa71ff27fc2769a1b78a27578f13a17b -> 
  custom:container-demuxer-webm: 4f35f7cbe854078d1ac9338744f61a02 -> 
  custom:container-demuxer-ogg: 62fdf1f143b41e24485cea50d1cbac27 -> 
  custom:video-encoder-webm-vp8: eb34c28f22e8b96e1ab97ce403110664 -> 
  custom:framework-osx-AVFoundation: e770b220cccbd017edd2c1fefb359320 -> 
  custom:video-decoder-webm-vp8: 9c59270c3fd7afecdb556c50c9e8de78 -> 
  custom:audio-decoder-ogg-vorbis: bf7c407c2cedff20999df2af8eb42d56 -> 
  custom:audio-encoder-webm-vorbis: bf7c407c2cedff20999df2af8eb42d56 -> 
========================================================================
Received Import Request.
  Time since last request: 485.613367 seconds.
  path: Assets/Prefabs nivel 1/ExplosionGo.prefab
  artifactKey: Guid(083aaab6a535d455084d5bd996eb3e30) Importer(815301076,1909f56bfc062723c751e8b465ee728b)
Start importing Assets/Prefabs nivel 1/ExplosionGo.prefab using Guid(083aaab6a535d455084d5bd996eb3e30) Importer(815301076,1909f56bfc062723c751e8b465ee728b)  -> (artifact id: '261ae9ca9883d9d33dfd0d6cb995ac6c') in 1.420172 seconds 
  Import took 1.425454 seconds .

========================================================================
Received Import Request.
  Time since last request: 82.198350 seconds.
  path: ProjectSettings/TagManager.asset
  artifactKey: Guid(00000000000000003000000000000000) Importer(815301076,1909f56bfc062723c751e8b465ee728b)
Start importing ProjectSettings/TagManager.asset using Guid(00000000000000003000000000000000) Importer(815301076,1909f56bfc062723c751e8b465ee728b)  -> (artifact id: 'ce6a35c3cddc746e7501c0bd0ed6d4ce') in 0.367168 seconds 
  Import took 0.372155 seconds .

========================================================================
Received Import Request.
  Time since last request: 257.853060 seconds.
  path: Assets/Prefabs nivel 1/Enemigo.prefab
  artifactKey: Guid(aa2abd4cd0c7e6d4384a769836fca7dc) Importer(815301076,1909f56bfc062723c751e8b465ee728b)
Start importing Assets/Prefabs nivel 1/Enemigo.prefab using Guid(aa2abd4cd0c7e6d4384a769836fca7dc) Importer(815301076,1909f56bfc062723c751e8b465ee728b)  -> (artifact id: '988d19cef09c56737b581babec6a21ce') in 0.020013 seconds 
  Import took 0.025977 seconds .

========================================================================
Received Import Request.
  Time since last request: 11.729883 seconds.
  path: Assets/Prefabs nivel 1/Bala.prefab
  artifactKey: Guid(be73ff7b19273ed438e7e8e66b92843a) Importer(815301076,1909f56bfc062723c751e8b465ee728b)
Start importing Assets/Prefabs nivel 1/Bala.prefab using Guid(be73ff7b19273ed438e7e8e66b92843a) Importer(815301076,1909f56bfc062723c751e8b465ee728b)  -> (artifact id: 'a6a307da1f9697166c2c9a8c591ff519') in 0.017445 seconds 
  Import took 0.024286 seconds .

========================================================================
Received Import Request.
  Time since last request: 9.112256 seconds.
  path: Assets/Prefabs nivel 1/Bala_enemiga.prefab
  artifactKey: Guid(7e88f3b033cb81e418c3d407689f423d) Importer(815301076,1909f56bfc062723c751e8b465ee728b)
Start importing Assets/Prefabs nivel 1/Bala_enemiga.prefab using Guid(7e88f3b033cb81e418c3d407689f423d) Importer(815301076,1909f56bfc062723c751e8b465ee728b)  -> (artifact id: 'a79bba08c3392ff67f5c14b4ea6dad76') in 0.016886 seconds 
  Import took 0.022911 seconds .

========================================================================
Received Prepare
Registering precompiled user dll's ...
Registered in 0.006540 seconds.
Begin MonoManager ReloadAssembly
Native extension for OSXStandalone target not found
Refreshing native plugins compatible for Editor in 0.96 ms, found 3 plugins.
Preloading 0 native plugins for Editor in 0.00 ms.
Mono: successfully reloaded assembly
- Completed reload, in  1.582 seconds
Platform modules already initialized, skipping
Refreshing native plugins compatible for Editor in 0.89 ms, found 3 plugins.
Preloading 0 native plugins for Editor in 0.00 ms.
Unloading 2558 Unused Serialized files (Serialized files now loaded: 0)
System memory in use before: 202.6 MB.
System memory in use after: 202.9 MB.

Unloading 53 unused Assets to reduce memory usage. Loaded Objects now: 3005.
Total: 7.108338 ms (FindLiveObjects: 0.284558 ms CreateObjectMapping: 0.128290 ms MarkObjects: 6.642868 ms  DeleteObjects: 0.050678 ms)

AssetImportParameters requested are different than current active one (requested -> active):
  custom:video-decoder-ogg-theora: a1e56fd34408186e4bbccfd4996cb3dc -> 
  custom:container-muxer-webm: aa71ff27fc2769a1b78a27578f13a17b -> 
  custom:container-demuxer-webm: 4f35f7cbe854078d1ac9338744f61a02 -> 
  custom:container-demuxer-ogg: 62fdf1f143b41e24485cea50d1cbac27 -> 
  custom:video-encoder-webm-vp8: eb34c28f22e8b96e1ab97ce403110664 -> 
  custom:framework-osx-AVFoundation: e770b220cccbd017edd2c1fefb359320 -> 
  custom:video-decoder-webm-vp8: 9c59270c3fd7afecdb556c50c9e8de78 -> 
  custom:audio-decoder-ogg-vorbis: bf7c407c2cedff20999df2af8eb42d56 -> 
  custom:audio-encoder-webm-vorbis: bf7c407c2cedff20999df2af8eb42d56 -> 
========================================================================
Received Import Request.
  Time since last request: 1480.633772 seconds.
  path: Assets/Scripts nivel 1/Control_Player.cs
  artifactKey: Guid(0f6130c36ccca5744a21f89c04fc8baf) Importer(815301076,1909f56bfc062723c751e8b465ee728b)
Start importing Assets/Scripts nivel 1/Control_Player.cs using Guid(0f6130c36ccca5744a21f89c04fc8baf) Importer(815301076,1909f56bfc062723c751e8b465ee728b)  -> (artifact id: 'de6e68558b1dd5c87500da9539f946a7') in 0.008972 seconds 
  Import took 0.014801 seconds .

========================================================================
Received Prepare
Registering precompiled user dll's ...
Registered in 0.004608 seconds.
Begin MonoManager ReloadAssembly
Native extension for OSXStandalone target not found
Refreshing native plugins compatible for Editor in 0.90 ms, found 3 plugins.
Preloading 0 native plugins for Editor in 0.00 ms.
Mono: successfully reloaded assembly
- Completed reload, in  1.692 seconds
Platform modules already initialized, skipping
Refreshing native plugins compatible for Editor in 1.04 ms, found 3 plugins.
Preloading 0 native plugins for Editor in 0.00 ms.
Unloading 2558 Unused Serialized files (Serialized files now loaded: 0)
System memory in use before: 202.9 MB.
System memory in use after: 203.1 MB.

Unloading 52 unused Assets to reduce memory usage. Loaded Objects now: 3009.
Total: 6.196379 ms (FindLiveObjects: 0.260457 ms CreateObjectMapping: 0.115924 ms MarkObjects: 5.787732 ms  DeleteObjects: 0.031089 ms)

AssetImportParameters requested are different than current active one (requested -> active):
  custom:video-decoder-ogg-theora: a1e56fd34408186e4bbccfd4996cb3dc -> 
  custom:container-muxer-webm: aa71ff27fc2769a1b78a27578f13a17b -> 
  custom:container-demuxer-webm: 4f35f7cbe854078d1ac9338744f61a02 -> 
  custom:container-demuxer-ogg: 62fdf1f143b41e24485cea50d1cbac27 -> 
  custom:video-encoder-webm-vp8: eb34c28f22e8b96e1ab97ce403110664 -> 
  custom:framework-osx-AVFoundation: e770b220cccbd017edd2c1fefb359320 -> 
  custom:video-decoder-webm-vp8: 9c59270c3fd7afecdb556c50c9e8de78 -> 
  custom:audio-decoder-ogg-vorbis: bf7c407c2cedff20999df2af8eb42d56 -> 
  custom:audio-encoder-webm-vorbis: bf7c407c2cedff20999df2af8eb42d56 -> 
========================================================================
Received Import Request.
  Time since last request: 327.689238 seconds.
  path: Assets/Scripts nivel 1/Control_enemigo.cs
  artifactKey: Guid(ac70fdb7f2c919b46bba479d600af33e) Importer(815301076,1909f56bfc062723c751e8b465ee728b)
Start importing Assets/Scripts nivel 1/Control_enemigo.cs using Guid(ac70fdb7f2c919b46bba479d600af33e) Importer(815301076,1909f56bfc062723c751e8b465ee728b)  -> (artifact id: '2da0e9731a37047e661daaf105b7f450') in 0.008026 seconds 
  Import took 0.012726 seconds .

========================================================================
Received Prepare
Registering precompiled user dll's ...
Registered in 0.003052 seconds.
Begin MonoManager ReloadAssembly
Native extension for OSXStandalone target not found
Refreshing native plugins compatible for Editor in 0.88 ms, found 3 plugins.
Preloading 0 native plugins for Editor in 0.00 ms.
Mono: successfully reloaded assembly
- Completed reload, in  1.433 seconds
Platform modules already initialized, skipping
Refreshing native plugins compatible for Editor in 0.76 ms, found 3 plugins.
Preloading 0 native plugins for Editor in 0.00 ms.
Unloading 2558 Unused Serialized files (Serialized files now loaded: 0)
System memory in use before: 203.1 MB.
System memory in use after: 203.4 MB.

Unloading 52 unused Assets to reduce memory usage. Loaded Objects now: 3013.
Total: 6.655022 ms (FindLiveObjects: 0.254106 ms CreateObjectMapping: 0.116616 ms MarkObjects: 6.245272 ms  DeleteObjects: 0.037794 ms)

AssetImportParameters requested are different than current active one (requested -> active):
  custom:video-decoder-ogg-theora: a1e56fd34408186e4bbccfd4996cb3dc -> 
  custom:container-muxer-webm: aa71ff27fc2769a1b78a27578f13a17b -> 
  custom:container-demuxer-webm: 4f35f7cbe854078d1ac9338744f61a02 -> 
  custom:container-demuxer-ogg: 62fdf1f143b41e24485cea50d1cbac27 -> 
  custom:video-encoder-webm-vp8: eb34c28f22e8b96e1ab97ce403110664 -> 
  custom:framework-osx-AVFoundation: e770b220cccbd017edd2c1fefb359320 -> 
  custom:video-decoder-webm-vp8: 9c59270c3fd7afecdb556c50c9e8de78 -> 
  custom:audio-decoder-ogg-vorbis: bf7c407c2cedff20999df2af8eb42d56 -> 
  custom:audio-encoder-webm-vorbis: bf7c407c2cedff20999df2af8eb42d56 -> 
========================================================================
Received Import Request.
  Time since last request: 204.439779 seconds.
  path: Assets/Scripts nivel 1/Bala_enemiga.cs
  artifactKey: Guid(faf62c024d7118d43a0bfa9a50f32cba) Importer(815301076,1909f56bfc062723c751e8b465ee728b)
Start importing Assets/Scripts nivel 1/Bala_enemiga.cs using Guid(faf62c024d7118d43a0bfa9a50f32cba) Importer(815301076,1909f56bfc062723c751e8b465ee728b)  -> (artifact id: '79702cfc3b142ed2b0c02001f4e83597') in 0.007978 seconds 
  Import took 0.012417 seconds .

========================================================================
Received Prepare
Registering precompiled user dll's ...
Registered in 0.003365 seconds.
Begin MonoManager ReloadAssembly
Native extension for OSXStandalone target not found
Refreshing native plugins compatible for Editor in 0.72 ms, found 3 plugins.
Preloading 0 native plugins for Editor in 0.00 ms.
Mono: successfully reloaded assembly
- Completed reload, in  1.416 seconds
Platform modules already initialized, skipping
Refreshing native plugins compatible for Editor in 0.75 ms, found 3 plugins.
Preloading 0 native plugins for Editor in 0.00 ms.
Unloading 2558 Unused Serialized files (Serialized files now loaded: 0)
System memory in use before: 203.3 MB.
System memory in use after: 203.5 MB.

Unloading 52 unused Assets to reduce memory usage. Loaded Objects now: 3017.
Total: 6.444250 ms (FindLiveObjects: 0.237047 ms CreateObjectMapping: 0.118030 ms MarkObjects: 6.054106 ms  DeleteObjects: 0.033960 ms)

AssetImportParameters requested are different than current active one (requested -> active):
  custom:video-decoder-ogg-theora: a1e56fd34408186e4bbccfd4996cb3dc -> 
  custom:container-muxer-webm: aa71ff27fc2769a1b78a27578f13a17b -> 
  custom:container-demuxer-webm: 4f35f7cbe854078d1ac9338744f61a02 -> 
  custom:container-demuxer-ogg: 62fdf1f143b41e24485cea50d1cbac27 -> 
  custom:video-encoder-webm-vp8: eb34c28f22e8b96e1ab97ce403110664 -> 
  custom:framework-osx-AVFoundation: e770b220cccbd017edd2c1fefb359320 -> 
  custom:video-decoder-webm-vp8: 9c59270c3fd7afecdb556c50c9e8de78 -> 
  custom:audio-decoder-ogg-vorbis: bf7c407c2cedff20999df2af8eb42d56 -> 
  custom:audio-encoder-webm-vorbis: bf7c407c2cedff20999df2af8eb42d56 -> 
========================================================================
Received Prepare
Registering precompiled user dll's ...
Registered in 0.002675 seconds.
Begin MonoManager ReloadAssembly
Native extension for OSXStandalone target not found
Refreshing native plugins compatible for Editor in 0.85 ms, found 3 plugins.
Preloading 0 native plugins for Editor in 0.00 ms.
Mono: successfully reloaded assembly
- Completed reload, in  1.612 seconds
Platform modules already initialized, skipping
Refreshing native plugins compatible for Editor in 0.98 ms, found 3 plugins.
Preloading 0 native plugins for Editor in 0.00 ms.
Unloading 2558 Unused Serialized files (Serialized files now loaded: 0)
System memory in use before: 203.6 MB.
System memory in use after: 203.8 MB.

Unloading 52 unused Assets to reduce memory usage. Loaded Objects now: 3021.
Total: 5.633690 ms (FindLiveObjects: 0.269507 ms CreateObjectMapping: 0.105631 ms MarkObjects: 5.227555 ms  DeleteObjects: 0.030111 ms)

AssetImportParameters requested are different than current active one (requested -> active):
  custom:video-decoder-ogg-theora: a1e56fd34408186e4bbccfd4996cb3dc -> 
  custom:container-muxer-webm: aa71ff27fc2769a1b78a27578f13a17b -> 
  custom:container-demuxer-webm: 4f35f7cbe854078d1ac9338744f61a02 -> 
  custom:container-demuxer-ogg: 62fdf1f143b41e24485cea50d1cbac27 -> 
  custom:video-encoder-webm-vp8: eb34c28f22e8b96e1ab97ce403110664 -> 
  custom:framework-osx-AVFoundation: e770b220cccbd017edd2c1fefb359320 -> 
  custom:video-decoder-webm-vp8: 9c59270c3fd7afecdb556c50c9e8de78 -> 
  custom:audio-decoder-ogg-vorbis: bf7c407c2cedff20999df2af8eb42d56 -> 
  custom:audio-encoder-webm-vorbis: bf7c407c2cedff20999df2af8eb42d56 -> 
========================================================================
Received Prepare
Registering precompiled user dll's ...
Registered in 0.003988 seconds.
Begin MonoManager ReloadAssembly
Native extension for OSXStandalone target not found
Refreshing native plugins compatible for Editor in 0.98 ms, found 3 plugins.
Preloading 0 native plugins for Editor in 0.00 ms.
Mono: successfully reloaded assembly
- Completed reload, in  1.811 seconds
Platform modules already initialized, skipping
Refreshing native plugins compatible for Editor in 0.91 ms, found 3 plugins.
Preloading 0 native plugins for Editor in 0.00 ms.
Unloading 2558 Unused Serialized files (Serialized files now loaded: 0)
System memory in use before: 203.8 MB.
System memory in use after: 204.1 MB.

Unloading 52 unused Assets to reduce memory usage. Loaded Objects now: 3025.
Total: 6.604007 ms (FindLiveObjects: 0.316322 ms CreateObjectMapping: 0.128529 ms MarkObjects: 6.122050 ms  DeleteObjects: 0.035725 ms)

AssetImportParameters requested are different than current active one (requested -> active):
  custom:video-decoder-ogg-theora: a1e56fd34408186e4bbccfd4996cb3dc -> 
  custom:container-muxer-webm: aa71ff27fc2769a1b78a27578f13a17b -> 
  custom:container-demuxer-webm: 4f35f7cbe854078d1ac9338744f61a02 -> 
  custom:container-demuxer-ogg: 62fdf1f143b41e24485cea50d1cbac27 -> 
  custom:video-encoder-webm-vp8: eb34c28f22e8b96e1ab97ce403110664 -> 
  custom:framework-osx-AVFoundation: e770b220cccbd017edd2c1fefb359320 -> 
  custom:video-decoder-webm-vp8: 9c59270c3fd7afecdb556c50c9e8de78 -> 
  custom:audio-decoder-ogg-vorbis: bf7c407c2cedff20999df2af8eb42d56 -> 
  custom:audio-encoder-webm-vorbis: bf7c407c2cedff20999df2af8eb42d56 -> 
========================================================================
Received Import Request.
  Time since last request: 778.579648 seconds.
  path: Assets/Prefabs nivel 1/Enemigo.prefab
  artifactKey: Guid(aa2abd4cd0c7e6d4384a769836fca7dc) Importer(815301076,1909f56bfc062723c751e8b465ee728b)
Start importing Assets/Prefabs nivel 1/Enemigo.prefab using Guid(aa2abd4cd0c7e6d4384a769836fca7dc) Importer(815301076,1909f56bfc062723c751e8b465ee728b)  -> (artifact id: '0c529b2aaabd8fa6acd9c1e6133cdd1f') in 0.087388 seconds 
  Import took 0.093092 seconds .

========================================================================
Received Prepare
Registering precompiled user dll's ...
Registered in 0.002901 seconds.
Begin MonoManager ReloadAssembly
Native extension for OSXStandalone target not found
Refreshing native plugins compatible for Editor in 0.90 ms, found 3 plugins.
Preloading 0 native plugins for Editor in 0.00 ms.
Mono: successfully reloaded assembly
- Completed reload, in  1.556 seconds
Platform modules already initialized, skipping
Refreshing native plugins compatible for Editor in 0.79 ms, found 3 plugins.
Preloading 0 native plugins for Editor in 0.00 ms.
Unloading 2558 Unused Serialized files (Serialized files now loaded: 0)
System memory in use before: 204.1 MB.
System memory in use after: 204.3 MB.

Unloading 52 unused Assets to reduce memory usage. Loaded Objects now: 3030.
Total: 7.221029 ms (FindLiveObjects: 0.341458 ms CreateObjectMapping: 0.172091 ms MarkObjects: 6.673715 ms  DeleteObjects: 0.032671 ms)

AssetImportParameters requested are different than current active one (requested -> active):
  custom:video-decoder-ogg-theora: a1e56fd34408186e4bbccfd4996cb3dc -> 
  custom:container-muxer-webm: aa71ff27fc2769a1b78a27578f13a17b -> 
  custom:container-demuxer-webm: 4f35f7cbe854078d1ac9338744f61a02 -> 
  custom:container-demuxer-ogg: 62fdf1f143b41e24485cea50d1cbac27 -> 
  custom:video-encoder-webm-vp8: eb34c28f22e8b96e1ab97ce403110664 -> 
  custom:framework-osx-AVFoundation: e770b220cccbd017edd2c1fefb359320 -> 
  custom:video-decoder-webm-vp8: 9c59270c3fd7afecdb556c50c9e8de78 -> 
  custom:audio-decoder-ogg-vorbis: bf7c407c2cedff20999df2af8eb42d56 -> 
  custom:audio-encoder-webm-vorbis: bf7c407c2cedff20999df2af8eb42d56 -> 
========================================================================
Received Import Request.
  Time since last request: 665.113810 seconds.
  path: Assets/Prefabs nivel 1/Enemigo.prefab
  artifactKey: Guid(aa2abd4cd0c7e6d4384a769836fca7dc) Importer(815301076,1909f56bfc062723c751e8b465ee728b)
Start importing Assets/Prefabs nivel 1/Enemigo.prefab using Guid(aa2abd4cd0c7e6d4384a769836fca7dc) Importer(815301076,1909f56bfc062723c751e8b465ee728b)  -> (artifact id: 'de93c710f99e376d01477b973ab2d046') in 0.081901 seconds 
  Import took 0.086983 seconds .

========================================================================
Received Import Request.
  Time since last request: 22.456699 seconds.
  path: Assets/Prefabs nivel 1/Enemigo.prefab
  artifactKey: Guid(aa2abd4cd0c7e6d4384a769836fca7dc) Importer(815301076,1909f56bfc062723c751e8b465ee728b)
Start importing Assets/Prefabs nivel 1/Enemigo.prefab using Guid(aa2abd4cd0c7e6d4384a769836fca7dc) Importer(815301076,1909f56bfc062723c751e8b465ee728b)  -> (artifact id: 'ea9cf81bab8856c1d8a79a954df35924') in 0.028872 seconds 
  Import took 0.034693 seconds .

========================================================================
Received Import Request.
  Time since last request: 38.682725 seconds.
  path: Assets/Prefabs nivel 1/ExplosionGo.prefab
  artifactKey: Guid(083aaab6a535d455084d5bd996eb3e30) Importer(815301076,1909f56bfc062723c751e8b465ee728b)
Start importing Assets/Prefabs nivel 1/ExplosionGo.prefab using Guid(083aaab6a535d455084d5bd996eb3e30) Importer(815301076,1909f56bfc062723c751e8b465ee728b)  -> (artifact id: 'e907ba1dd8838ea20054c939e6ed7d8b') in 0.030228 seconds 
  Import took 0.037336 seconds .

========================================================================
Received Import Request.
  Time since last request: 0.002454 seconds.
  path: Assets/Prefabs nivel 1/ExplosionGo.prefab
  artifactKey: Guid(083aaab6a535d455084d5bd996eb3e30) Importer(815301076,1909f56bfc062723c751e8b465ee728b)
Start importing Assets/Prefabs nivel 1/ExplosionGo.prefab using Guid(083aaab6a535d455084d5bd996eb3e30) Importer(815301076,1909f56bfc062723c751e8b465ee728b)  -> (artifact id: 'e907ba1dd8838ea20054c939e6ed7d8b') in 0.012808 seconds 
  Import took 0.019610 seconds .

========================================================================
Received Import Request.
  Time since last request: 63.513058 seconds.
  path: Assets/Prefabs nivel 1/Bala_enemiga.prefab
  artifactKey: Guid(7e88f3b033cb81e418c3d407689f423d) Importer(815301076,1909f56bfc062723c751e8b465ee728b)
Start importing Assets/Prefabs nivel 1/Bala_enemiga.prefab using Guid(7e88f3b033cb81e418c3d407689f423d) Importer(815301076,1909f56bfc062723c751e8b465ee728b)  -> (artifact id: 'a0f5826034eab89ee3d425572c0e86d6') in 0.012477 seconds 
  Import took 0.018820 seconds .

========================================================================
Received Import Request.
  Time since last request: 18.621159 seconds.
  path: Assets/Prefabs nivel 1/Bala_enemiga.prefab
  artifactKey: Guid(7e88f3b033cb81e418c3d407689f423d) Importer(815301076,1909f56bfc062723c751e8b465ee728b)
Start importing Assets/Prefabs nivel 1/Bala_enemiga.prefab using Guid(7e88f3b033cb81e418c3d407689f423d) Importer(815301076,1909f56bfc062723c751e8b465ee728b)  -> (artifact id: 'b7605f98780903e0f3a422be41a70165') in 0.025522 seconds 
  Import took 0.031208 seconds .

========================================================================
Received Import Request.
  Time since last request: 18.454530 seconds.
  path: Assets/Prefabs nivel 1/Bala.prefab
  artifactKey: Guid(be73ff7b19273ed438e7e8e66b92843a) Importer(815301076,1909f56bfc062723c751e8b465ee728b)
Start importing Assets/Prefabs nivel 1/Bala.prefab using Guid(be73ff7b19273ed438e7e8e66b92843a) Importer(815301076,1909f56bfc062723c751e8b465ee728b)  -> (artifact id: '2c866b71fa096676218f4de6631f67a9') in 0.023473 seconds 
  Import took 0.029324 seconds .

========================================================================
Received Import Request.
  Time since last request: 13.955711 seconds.
  path: Assets/Prefabs nivel 1/Bala.prefab
  artifactKey: Guid(be73ff7b19273ed438e7e8e66b92843a) Importer(815301076,1909f56bfc062723c751e8b465ee728b)
Start importing Assets/Prefabs nivel 1/Bala.prefab using Guid(be73ff7b19273ed438e7e8e66b92843a) Importer(815301076,1909f56bfc062723c751e8b465ee728b)  -> (artifact id: '1c336373e1da0aea404f7a9b1fb0ce85') in 0.012861 seconds 
  Import took 0.019500 seconds .

========================================================================
Received Prepare
Registering precompiled user dll's ...
Registered in 0.003234 seconds.
Begin MonoManager ReloadAssembly
Native extension for OSXStandalone target not found
Refreshing native plugins compatible for Editor in 0.88 ms, found 3 plugins.
Preloading 0 native plugins for Editor in 0.00 ms.
Mono: successfully reloaded assembly
- Completed reload, in  1.395 seconds
Platform modules already initialized, skipping
Refreshing native plugins compatible for Editor in 0.73 ms, found 3 plugins.
Preloading 0 native plugins for Editor in 0.00 ms.
Unloading 2558 Unused Serialized files (Serialized files now loaded: 0)
System memory in use before: 204.5 MB.
System memory in use after: 204.7 MB.

Unloading 52 unused Assets to reduce memory usage. Loaded Objects now: 3035.
Total: 5.513660 ms (FindLiveObjects: 0.221866 ms CreateObjectMapping: 0.090849 ms MarkObjects: 5.172436 ms  DeleteObjects: 0.027595 ms)

AssetImportParameters requested are different than current active one (requested -> active):
  custom:video-decoder-ogg-theora: a1e56fd34408186e4bbccfd4996cb3dc -> 
  custom:container-muxer-webm: aa71ff27fc2769a1b78a27578f13a17b -> 
  custom:container-demuxer-webm: 4f35f7cbe854078d1ac9338744f61a02 -> 
  custom:container-demuxer-ogg: 62fdf1f143b41e24485cea50d1cbac27 -> 
  custom:video-encoder-webm-vp8: eb34c28f22e8b96e1ab97ce403110664 -> 
  custom:framework-osx-AVFoundation: e770b220cccbd017edd2c1fefb359320 -> 
  custom:video-decoder-webm-vp8: 9c59270c3fd7afecdb556c50c9e8de78 -> 
  custom:audio-decoder-ogg-vorbis: bf7c407c2cedff20999df2af8eb42d56 -> 
  custom:audio-encoder-webm-vorbis: bf7c407c2cedff20999df2af8eb42d56 -> 
========================================================================
Received Prepare
Registering precompiled user dll's ...
Registered in 0.003386 seconds.
Begin MonoManager ReloadAssembly
Native extension for OSXStandalone target not found
Refreshing native plugins compatible for Editor in 0.85 ms, found 3 plugins.
Preloading 0 native plugins for Editor in 0.00 ms.
Mono: successfully reloaded assembly
- Completed reload, in  1.338 seconds
Platform modules already initialized, skipping
Refreshing native plugins compatible for Editor in 0.72 ms, found 3 plugins.
Preloading 0 native plugins for Editor in 0.00 ms.
Unloading 2558 Unused Serialized files (Serialized files now loaded: 0)
System memory in use before: 204.6 MB.
System memory in use after: 204.9 MB.

Unloading 52 unused Assets to reduce memory usage. Loaded Objects now: 3039.
Total: 5.993044 ms (FindLiveObjects: 0.273488 ms CreateObjectMapping: 0.106839 ms MarkObjects: 5.581167 ms  DeleteObjects: 0.030368 ms)

AssetImportParameters requested are different than current active one (requested -> active):
  custom:video-decoder-ogg-theora: a1e56fd34408186e4bbccfd4996cb3dc -> 
  custom:container-muxer-webm: aa71ff27fc2769a1b78a27578f13a17b -> 
  custom:container-demuxer-webm: 4f35f7cbe854078d1ac9338744f61a02 -> 
  custom:container-demuxer-ogg: 62fdf1f143b41e24485cea50d1cbac27 -> 
  custom:video-encoder-webm-vp8: eb34c28f22e8b96e1ab97ce403110664 -> 
  custom:framework-osx-AVFoundation: e770b220cccbd017edd2c1fefb359320 -> 
  custom:video-decoder-webm-vp8: 9c59270c3fd7afecdb556c50c9e8de78 -> 
  custom:audio-decoder-ogg-vorbis: bf7c407c2cedff20999df2af8eb42d56 -> 
  custom:audio-encoder-webm-vorbis: bf7c407c2cedff20999df2af8eb42d56 -> 
========================================================================
Received Prepare
Registering precompiled user dll's ...
Registered in 0.002853 seconds.
Begin MonoManager ReloadAssembly
Native extension for OSXStandalone target not found
Refreshing native plugins compatible for Editor in 0.82 ms, found 3 plugins.
Preloading 0 native plugins for Editor in 0.00 ms.
Mono: successfully reloaded assembly
- Completed reload, in  1.410 seconds
Platform modules already initialized, skipping
Refreshing native plugins compatible for Editor in 0.79 ms, found 3 plugins.
Preloading 0 native plugins for Editor in 0.00 ms.
Unloading 2558 Unused Serialized files (Serialized files now loaded: 0)
System memory in use before: 204.9 MB.
System memory in use after: 205.2 MB.

Unloading 52 unused Assets to reduce memory usage. Loaded Objects now: 3043.
Total: 5.831706 ms (FindLiveObjects: 0.255979 ms CreateObjectMapping: 0.119569 ms MarkObjects: 5.418976 ms  DeleteObjects: 0.036172 ms)

AssetImportParameters requested are different than current active one (requested -> active):
  custom:video-decoder-ogg-theora: a1e56fd34408186e4bbccfd4996cb3dc -> 
  custom:container-muxer-webm: aa71ff27fc2769a1b78a27578f13a17b -> 
  custom:container-demuxer-webm: 4f35f7cbe854078d1ac9338744f61a02 -> 
  custom:container-demuxer-ogg: 62fdf1f143b41e24485cea50d1cbac27 -> 
  custom:video-encoder-webm-vp8: eb34c28f22e8b96e1ab97ce403110664 -> 
  custom:framework-osx-AVFoundation: e770b220cccbd017edd2c1fefb359320 -> 
  custom:video-decoder-webm-vp8: 9c59270c3fd7afecdb556c50c9e8de78 -> 
  custom:audio-decoder-ogg-vorbis: bf7c407c2cedff20999df2af8eb42d56 -> 
  custom:audio-encoder-webm-vorbis: bf7c407c2cedff20999df2af8eb42d56 -> 
========================================================================
Received Prepare
Registering precompiled user dll's ...
Registered in 0.002991 seconds.
Begin MonoManager ReloadAssembly
Native extension for OSXStandalone target not found
Refreshing native plugins compatible for Editor in 0.82 ms, found 3 plugins.
Preloading 0 native plugins for Editor in 0.00 ms.
Mono: successfully reloaded assembly
- Completed reload, in  1.582 seconds
Platform modules already initialized, skipping
Refreshing native plugins compatible for Editor in 0.85 ms, found 3 plugins.
Preloading 0 native plugins for Editor in 0.00 ms.
Unloading 2558 Unused Serialized files (Serialized files now loaded: 0)
System memory in use before: 205.2 MB.
System memory in use after: 205.4 MB.

Unloading 52 unused Assets to reduce memory usage. Loaded Objects now: 3047.
Total: 5.570538 ms (FindLiveObjects: 0.258252 ms CreateObjectMapping: 0.120250 ms MarkObjects: 5.170616 ms  DeleteObjects: 0.020153 ms)

AssetImportParameters requested are different than current active one (requested -> active):
  custom:video-decoder-ogg-theora: a1e56fd34408186e4bbccfd4996cb3dc -> 
  custom:container-muxer-webm: aa71ff27fc2769a1b78a27578f13a17b -> 
  custom:container-demuxer-webm: 4f35f7cbe854078d1ac9338744f61a02 -> 
  custom:container-demuxer-ogg: 62fdf1f143b41e24485cea50d1cbac27 -> 
  custom:video-encoder-webm-vp8: eb34c28f22e8b96e1ab97ce403110664 -> 
  custom:framework-osx-AVFoundation: e770b220cccbd017edd2c1fefb359320 -> 
  custom:video-decoder-webm-vp8: 9c59270c3fd7afecdb556c50c9e8de78 -> 
  custom:audio-decoder-ogg-vorbis: bf7c407c2cedff20999df2af8eb42d56 -> 
  custom:audio-encoder-webm-vorbis: bf7c407c2cedff20999df2af8eb42d56 -> 
========================================================================
Received Import Request.
  Time since last request: 812.971196 seconds.
  path: Assets/Scripts nivel 1/Control_enemigo.cs
  artifactKey: Guid(ac70fdb7f2c919b46bba479d600af33e) Importer(815301076,1909f56bfc062723c751e8b465ee728b)
Start importing Assets/Scripts nivel 1/Control_enemigo.cs using Guid(ac70fdb7f2c919b46bba479d600af33e) Importer(815301076,1909f56bfc062723c751e8b465ee728b)  -> (artifact id: '79195dea1d68f2977bb00b9ffbeb5608') in 0.010221 seconds 
  Import took 0.015598 seconds .

========================================================================
Received Prepare
Registering precompiled user dll's ...
Registered in 0.003080 seconds.
Begin MonoManager ReloadAssembly
Native extension for OSXStandalone target not found
Refreshing native plugins compatible for Editor in 0.69 ms, found 3 plugins.
Preloading 0 native plugins for Editor in 0.00 ms.
Mono: successfully reloaded assembly
- Completed reload, in  1.350 seconds
Platform modules already initialized, skipping
Refreshing native plugins compatible for Editor in 0.76 ms, found 3 plugins.
Preloading 0 native plugins for Editor in 0.00 ms.
Unloading 2558 Unused Serialized files (Serialized files now loaded: 0)
System memory in use before: 205.4 MB.
System memory in use after: 205.6 MB.

Unloading 52 unused Assets to reduce memory usage. Loaded Objects now: 3051.
Total: 5.782819 ms (FindLiveObjects: 0.251216 ms CreateObjectMapping: 0.103954 ms MarkObjects: 5.401804 ms  DeleteObjects: 0.024953 ms)

AssetImportParameters requested are different than current active one (requested -> active):
  custom:video-decoder-ogg-theora: a1e56fd34408186e4bbccfd4996cb3dc -> 
  custom:container-muxer-webm: aa71ff27fc2769a1b78a27578f13a17b -> 
  custom:container-demuxer-webm: 4f35f7cbe854078d1ac9338744f61a02 -> 
  custom:container-demuxer-ogg: 62fdf1f143b41e24485cea50d1cbac27 -> 
  custom:video-encoder-webm-vp8: eb34c28f22e8b96e1ab97ce403110664 -> 
  custom:framework-osx-AVFoundation: e770b220cccbd017edd2c1fefb359320 -> 
  custom:video-decoder-webm-vp8: 9c59270c3fd7afecdb556c50c9e8de78 -> 
  custom:audio-decoder-ogg-vorbis: bf7c407c2cedff20999df2af8eb42d56 -> 
  custom:audio-encoder-webm-vorbis: bf7c407c2cedff20999df2af8eb42d56 -> 
========================================================================
Received Import Request.
  Time since last request: 42.043867 seconds.
  path: Assets/Prefabs nivel 1/Enemigo.prefab
  artifactKey: Guid(aa2abd4cd0c7e6d4384a769836fca7dc) Importer(815301076,1909f56bfc062723c751e8b465ee728b)
Start importing Assets/Prefabs nivel 1/Enemigo.prefab using Guid(aa2abd4cd0c7e6d4384a769836fca7dc) Importer(815301076,1909f56bfc062723c751e8b465ee728b)  -> (artifact id: '28855fbd106a08c2afd5103027eedce6') in 0.066453 seconds 
  Import took 0.070505 seconds .

========================================================================
Received Import Request.
  Time since last request: 29.118285 seconds.
  path: Assets/Prefabs nivel 1/Enemigo.prefab
  artifactKey: Guid(aa2abd4cd0c7e6d4384a769836fca7dc) Importer(815301076,1909f56bfc062723c751e8b465ee728b)
Start importing Assets/Prefabs nivel 1/Enemigo.prefab using Guid(aa2abd4cd0c7e6d4384a769836fca7dc) Importer(815301076,1909f56bfc062723c751e8b465ee728b)  -> (artifact id: 'dbb68e1264bef7ae5e86f6d59790f8b9') in 0.017147 seconds 
  Import took 0.022876 seconds .

========================================================================
Received Prepare
Registering precompiled user dll's ...
Registered in 0.003954 seconds.
Begin MonoManager ReloadAssembly
Native extension for OSXStandalone target not found
Refreshing native plugins compatible for Editor in 0.80 ms, found 3 plugins.
Preloading 0 native plugins for Editor in 0.00 ms.
Mono: successfully reloaded assembly
- Completed reload, in  1.675 seconds
Platform modules already initialized, skipping
Refreshing native plugins compatible for Editor in 1.68 ms, found 3 plugins.
Preloading 0 native plugins for Editor in 0.00 ms.
Unloading 2558 Unused Serialized files (Serialized files now loaded: 0)
System memory in use before: 205.7 MB.
System memory in use after: 205.9 MB.

Unloading 52 unused Assets to reduce memory usage. Loaded Objects now: 3056.
Total: 6.279632 ms (FindLiveObjects: 0.304327 ms CreateObjectMapping: 0.131744 ms MarkObjects: 5.811642 ms  DeleteObjects: 0.030864 ms)

AssetImportParameters requested are different than current active one (requested -> active):
  custom:video-decoder-ogg-theora: a1e56fd34408186e4bbccfd4996cb3dc -> 
  custom:container-muxer-webm: aa71ff27fc2769a1b78a27578f13a17b -> 
  custom:container-demuxer-webm: 4f35f7cbe854078d1ac9338744f61a02 -> 
  custom:container-demuxer-ogg: 62fdf1f143b41e24485cea50d1cbac27 -> 
  custom:video-encoder-webm-vp8: eb34c28f22e8b96e1ab97ce403110664 -> 
  custom:framework-osx-AVFoundation: e770b220cccbd017edd2c1fefb359320 -> 
  custom:video-decoder-webm-vp8: 9c59270c3fd7afecdb556c50c9e8de78 -> 
  custom:audio-decoder-ogg-vorbis: bf7c407c2cedff20999df2af8eb42d56 -> 
  custom:audio-encoder-webm-vorbis: bf7c407c2cedff20999df2af8eb42d56 -> 
========================================================================
Received Prepare
Registering precompiled user dll's ...
Registered in 0.003143 seconds.
Begin MonoManager ReloadAssembly
Native extension for OSXStandalone target not found
Refreshing native plugins compatible for Editor in 0.75 ms, found 3 plugins.
Preloading 0 native plugins for Editor in 0.00 ms.
Mono: successfully reloaded assembly
- Completed reload, in  1.328 seconds
Platform modules already initialized, skipping
Refreshing native plugins compatible for Editor in 0.75 ms, found 3 plugins.
Preloading 0 native plugins for Editor in 0.00 ms.
Unloading 2558 Unused Serialized files (Serialized files now loaded: 0)
System memory in use before: 205.8 MB.
System memory in use after: 206.1 MB.

Unloading 52 unused Assets to reduce memory usage. Loaded Objects now: 3060.
Total: 6.649850 ms (FindLiveObjects: 0.383869 ms CreateObjectMapping: 0.175440 ms MarkObjects: 6.034268 ms  DeleteObjects: 0.054592 ms)

AssetImportParameters requested are different than current active one (requested -> active):
  custom:video-decoder-ogg-theora: a1e56fd34408186e4bbccfd4996cb3dc -> 
  custom:container-muxer-webm: aa71ff27fc2769a1b78a27578f13a17b -> 
  custom:container-demuxer-webm: 4f35f7cbe854078d1ac9338744f61a02 -> 
  custom:container-demuxer-ogg: 62fdf1f143b41e24485cea50d1cbac27 -> 
  custom:video-encoder-webm-vp8: eb34c28f22e8b96e1ab97ce403110664 -> 
  custom:framework-osx-AVFoundation: e770b220cccbd017edd2c1fefb359320 -> 
  custom:video-decoder-webm-vp8: 9c59270c3fd7afecdb556c50c9e8de78 -> 
  custom:audio-decoder-ogg-vorbis: bf7c407c2cedff20999df2af8eb42d56 -> 
  custom:audio-encoder-webm-vorbis: bf7c407c2cedff20999df2af8eb42d56 -> 
